<?xml version="1.0" encoding="UTF-8"?>
<testng-results ignored="0" total="1" passed="1" failed="0" skipped="0">
  <reporter-output>
  </reporter-output>
  <suite started-at="2021-09-22T12:45:41 IST" name="Default suite" finished-at="2021-09-22T12:46:26 IST" duration-ms="44719">
    <groups>
    </groups>
    <test started-at="2021-09-22T12:45:41 IST" name="Default test" finished-at="2021-09-22T12:46:26 IST" duration-ms="44719">
      <class name="Post_Assesment.Key_Class">
        <test-method is-config="true" signature="setDriver()[pri:0, instance:Post_Assesment.Key_Class@31fa1761]" started-at="2021-09-22T12:45:41 IST" name="setDriver" finished-at="2021-09-22T12:45:41 IST" duration-ms="5" status="PASS">
          <reporter-output>
          </reporter-output>
        </test-method> <!-- setDriver -->
        <test-method is-config="true" signature="navigatingToTrello(java.lang.String)[pri:0, instance:Post_Assesment.Key_Class@31fa1761]" started-at="2021-09-22T12:45:41 IST" name="navigatingToTrello" finished-at="2021-09-22T12:45:46 IST" duration-ms="5069" status="PASS">
          <params>
            <param index="0">
              <value>
                <![CDATA[Firefox]]>
              </value>
            </param>
          </params>
          <reporter-output>
          </reporter-output>
        </test-method> <!-- navigatingToTrello -->
        <test-method signature="Actions()[pri:0, instance:Post_Assesment.Key_Class@31fa1761]" started-at="2021-09-22T12:45:46 IST" name="Actions" finished-at="2021-09-22T12:46:25 IST" duration-ms="39619" status="PASS">
          <reporter-output>
          </reporter-output>
        </test-method> <!-- Actions -->
      </class> <!-- Post_Assesment.Key_Class -->
    </test> <!-- Default test -->
  </suite> <!-- Default suite -->
</testng-results>
